#
# There is insufficient memory for the Java Runtime Environment to continue.
# Native memory allocation (malloc) failed to allocate 702576 bytes for Chunk::new
# Possible reasons:
#   The system is out of physical RAM or swap space
#   The process is running with CompressedOops enabled, and the Java Heap may be blocking the growth of the native heap
# Possible solutions:
#   Reduce memory load on the system
#   Increase physical memory or swap space
#   Check if swap backing store is full
#   Decrease Java heap size (-Xmx/-Xms)
#   Decrease number of Java threads
#   Decrease Java thread stack sizes (-Xss)
#   Set larger code cache with -XX:ReservedCodeCacheSize=
#   JVM is running with Unscaled Compressed Oops mode in which the Java heap is
#     placed in the first 4GB address space. The Java Heap base address is the
#     maximum limit for the native heap growth. Please use -XX:HeapBaseMinAddress
#     to set the Java Heap base and to place the Java Heap above 4GB virtual address.
# This output file may be truncated or incomplete.
#
#  Out of Memory Error (arena.cpp:168), pid=18852, tid=26024
#
# JRE version: OpenJDK Runtime Environment (21.0.2+13) (build 21.0.2+13-58)
# Java VM: OpenJDK 64-Bit Server VM (21.0.2+13-58, mixed mode, sharing, tiered, compressed oops, compressed class ptrs, g1 gc, windows-amd64)
# No core dump will be written. Minidumps are not enabled by default on client versions of Windows
#

---------------  S U M M A R Y ------------

Command Line: -ea -Didea.test.cyclic.buffer.size=1048576 -javaagent:C:\Users\SUREKHA\AppData\Local\JetBrains\IntelliJ IDEA Community Edition 2023.2.5\lib\idea_rt.jar=53594:C:\Users\SUREKHA\AppData\Local\JetBrains\IntelliJ IDEA Community Edition 2023.2.5\bin -Dfile.encoding=UTF-8 -Dsun.stdout.encoding=UTF-8 -Dsun.stderr.encoding=UTF-8 com.intellij.rt.testng.RemoteTestNGStarter -usedefaultlisteners false -socket53592 @w@C:\Users\SUREKHA\AppData\Local\Temp\idea_working_dirs_testng.tmp -temp C:\Users\SUREKHA\AppData\Local\Temp\idea_testng.tmp

Host: Intel(R) Core(TM) i5-7200U CPU @ 2.50GHz, 4 cores, 3G,  Windows 10 , 64 bit Build 19041 (10.0.19041.3636)
Time: Thu Mar 21 17:39:22 2024 India Standard Time elapsed time: 6.086880 seconds (0d 0h 0m 6s)

---------------  T H R E A D  ---------------

Current thread (0x000001fcdcf31ec0):  JavaThread "C2 CompilerThread0" daemon [_thread_in_native, id=26024, stack(0x0000006cfeb00000,0x0000006cfec00000) (1024K)]


Current CompileTask:
C2:   6086 1682       4       java.lang.invoke.MethodType::makeImpl (109 bytes)

Stack: [0x0000006cfeb00000,0x0000006cfec00000]
Native frames: (J=compiled Java code, j=interpreted, Vv=VM code, C=native code)
V  [jvm.dll+0x6cade9]
V  [jvm.dll+0x8569c1]
V  [jvm.dll+0x858d2e]
V  [jvm.dll+0x859413]
V  [jvm.dll+0x280e56]
V  [jvm.dll+0xc3f3d]
V  [jvm.dll+0xc4473]
V  [jvm.dll+0x2f437f]
V  [jvm.dll+0x5f5056]
V  [jvm.dll+0x252d7f]
V  [jvm.dll+0x25315f]
V  [jvm.dll+0x24b8e0]
V  [jvm.dll+0x2490a3]
V  [jvm.dll+0x1c9634]
V  [jvm.dll+0x258859]
V  [jvm.dll+0x256e3a]
V  [jvm.dll+0x3ef6c6]
V  [jvm.dll+0x7ff568]
V  [jvm.dll+0x6c953d]
C  [ucrtbase.dll+0x21bb2]
C  [KERNEL32.DLL+0x17344]
C  [ntdll.dll+0x526b1]


---------------  P R O C E S S  ---------------

Threads class SMR info:
_java_thread_list=0x000001fd22b58e50, length=13, elements={
0x000001fcc03750b0, 0x000001fcdcf20fc0, 0x000001fcdcf21ca0, 0x000001fcdcf24d80,
0x000001fcdcf27680, 0x000001fcdcf27ea0, 0x000001fcdcf316a0, 0x000001fcdcf31ec0,
0x000001fcdcf33070, 0x000001fd22150140, 0x000001fd222476a0, 0x000001fd22247d10,
0x000001fd22b55560
}

Java Threads: ( => current thread )
  0x000001fcc03750b0 JavaThread "main"                              [_thread_in_Java, id=18328, stack(0x0000006cfdd00000,0x0000006cfde00000) (1024K)]
  0x000001fcdcf20fc0 JavaThread "Reference Handler"          daemon [_thread_blocked, id=15600, stack(0x0000006cfe500000,0x0000006cfe600000) (1024K)]
  0x000001fcdcf21ca0 JavaThread "Finalizer"                  daemon [_thread_blocked, id=26496, stack(0x0000006cfe600000,0x0000006cfe700000) (1024K)]
  0x000001fcdcf24d80 JavaThread "Signal Dispatcher"          daemon [_thread_blocked, id=20420, stack(0x0000006cfe700000,0x0000006cfe800000) (1024K)]
  0x000001fcdcf27680 JavaThread "Attach Listener"            daemon [_thread_blocked, id=19908, stack(0x0000006cfe800000,0x0000006cfe900000) (1024K)]
  0x000001fcdcf27ea0 JavaThread "Service Thread"             daemon [_thread_blocked, id=2604, stack(0x0000006cfe900000,0x0000006cfea00000) (1024K)]
  0x000001fcdcf316a0 JavaThread "Monitor Deflation Thread"   daemon [_thread_blocked, id=17080, stack(0x0000006cfea00000,0x0000006cfeb00000) (1024K)]
=>0x000001fcdcf31ec0 JavaThread "C2 CompilerThread0"         daemon [_thread_in_native, id=26024, stack(0x0000006cfeb00000,0x0000006cfec00000) (1024K)]
  0x000001fcdcf33070 JavaThread "C1 CompilerThread0"         daemon [_thread_blocked, id=21900, stack(0x0000006cfec00000,0x0000006cfed00000) (1024K)]
  0x000001fd22150140 JavaThread "Common-Cleaner"             daemon [_thread_blocked, id=17400, stack(0x0000006cfed00000,0x0000006cfee00000) (1024K)]
  0x000001fd222476a0 JavaThread "Monitor Ctrl-Break"         daemon [_thread_in_native, id=9980, stack(0x0000006cfee00000,0x0000006cfef00000) (1024K)]
  0x000001fd22247d10 JavaThread "Notification Thread"        daemon [_thread_blocked, id=19020, stack(0x0000006cfef00000,0x0000006cff000000) (1024K)]
  0x000001fd22b55560 JavaThread "ForkJoinPool.commonPool-worker-1" daemon [_thread_blocked, id=26536, stack(0x0000006cff300000,0x0000006cff400000) (1024K)]
Total: 13

Other Threads:
  0x000001fcc0433b50 VMThread "VM Thread"                           [id=2608, stack(0x0000006cfe400000,0x0000006cfe500000) (1024K)]
  0x000001fcdcf0ab40 WatcherThread "VM Periodic Task Thread"        [id=24460, stack(0x0000006cfe300000,0x0000006cfe400000) (1024K)]
  0x000001fcc03abf90 WorkerThread "GC Thread#0"                     [id=17380, stack(0x0000006cfde00000,0x0000006cfdf00000) (1024K)]
  0x000001fd22bb7c30 WorkerThread "GC Thread#1"                     [id=24348, stack(0x0000006cff000000,0x0000006cff100000) (1024K)]
  0x000001fd22bba330 WorkerThread "GC Thread#2"                     [id=19492, stack(0x0000006cff100000,0x0000006cff200000) (1024K)]
  0x000001fd22c06a60 WorkerThread "GC Thread#3"                     [id=13676, stack(0x0000006cff200000,0x0000006cff300000) (1024K)]
  0x000001fcc03b4bc0 ConcurrentGCThread "G1 Main Marker"            [id=16244, stack(0x0000006cfdf00000,0x0000006cfe000000) (1024K)]
  0x000001fcc03b55d0 WorkerThread "G1 Conc#0"                       [id=852, stack(0x0000006cfe000000,0x0000006cfe100000) (1024K)]
  0x000001fcc0407a80 ConcurrentGCThread "G1 Refine#0"               [id=25104, stack(0x0000006cfe100000,0x0000006cfe200000) (1024K)]
  0x000001fcc040a120 ConcurrentGCThread "G1 Service"                [id=20452, stack(0x0000006cfe200000,0x0000006cfe300000) (1024K)]
Total: 10

Threads with active compile tasks:
C2 CompilerThread0     6134 1682       4       java.lang.invoke.MethodType::makeImpl (109 bytes)
Total: 1

VM state: not at safepoint (normal execution)

VM Mutex/Monitor currently owned by a thread: None

Heap address: 0x00000000c1600000, size: 1002 MB, Compressed Oops mode: 32-bit

CDS archive(s) mapped at: [0x000001fcdd000000-0x000001fcddc90000-0x000001fcddc90000), size 13172736, SharedBaseAddress: 0x000001fcdd000000, ArchiveRelocationMode: 1.
Compressed class space mapped at: 0x000001fcde000000-0x000001fd1e000000, reserved size: 1073741824
Narrow klass base: 0x000001fcdd000000, Narrow klass shift: 0, Narrow klass range: 0x100000000

GC Precious Log:
 CardTable entry size: 512
 Card Set container configuration: InlinePtr #cards 5 size 8 Array Of Cards #cards 12 size 40 Howl #buckets 4 coarsen threshold 1843 Howl Bitmap #cards 512 size 80 coarsen threshold 460 Card regions per heap region 1 cards per card region 2048
 CPUs: 4 total, 4 available
 Memory: 4007M
 Large Page Support: Disabled
 NUMA Support: Disabled
 Compressed Oops: Enabled (32-bit)
 Heap Region Size: 1M
 Heap Min Capacity: 8M
 Heap Initial Capacity: 64M
 Heap Max Capacity: 1002M
 Pre-touch: Disabled
 Parallel Workers: 4
 Concurrent Workers: 1
 Concurrent Refinement Workers: 4
 Periodic GC: Disabled

Heap:
 garbage-first heap   total 65536K, used 16785K [0x00000000c1600000, 0x0000000100000000)
  region size 1024K, 14 young (14336K), 2 survivors (2048K)
 Metaspace       used 13230K, committed 13696K, reserved 1114112K
  class space    used 1569K, committed 1792K, reserved 1048576K

Heap Regions: E=young(eden), S=young(survivor), O=old, HS=humongous(starts), HC=humongous(continues), CS=collection set, F=free, TAMS=top-at-mark-start, PB=parsable bottom
|   0|0x00000000c1600000, 0x00000000c1700000, 0x00000000c1700000|100%| O|  |TAMS 0x00000000c1600000| PB 0x00000000c1600000| Untracked 
|   1|0x00000000c1700000, 0x00000000c1800000, 0x00000000c1800000|100%| O|  |TAMS 0x00000000c1700000| PB 0x00000000c1700000| Untracked 
|   2|0x00000000c1800000, 0x00000000c1900000, 0x00000000c1900000|100%| O|  |TAMS 0x00000000c1800000| PB 0x00000000c1800000| Untracked 
|   3|0x00000000c1900000, 0x00000000c1a00000, 0x00000000c1a00000|100%| O|  |TAMS 0x00000000c1900000| PB 0x00000000c1900000| Untracked 
|   4|0x00000000c1a00000, 0x00000000c1a265f0, 0x00000000c1b00000| 14%| O|  |TAMS 0x00000000c1a00000| PB 0x00000000c1a00000| Untracked 
|   5|0x00000000c1b00000, 0x00000000c1b00000, 0x00000000c1c00000|  0%| F|  |TAMS 0x00000000c1b00000| PB 0x00000000c1b00000| Untracked 
|   6|0x00000000c1c00000, 0x00000000c1c00000, 0x00000000c1d00000|  0%| F|  |TAMS 0x00000000c1c00000| PB 0x00000000c1c00000| Untracked 
|   7|0x00000000c1d00000, 0x00000000c1d00000, 0x00000000c1e00000|  0%| F|  |TAMS 0x00000000c1d00000| PB 0x00000000c1d00000| Untracked 
|   8|0x00000000c1e00000, 0x00000000c1e00000, 0x00000000c1f00000|  0%| F|  |TAMS 0x00000000c1e00000| PB 0x00000000c1e00000| Untracked 
|   9|0x00000000c1f00000, 0x00000000c1f00000, 0x00000000c2000000|  0%| F|  |TAMS 0x00000000c1f00000| PB 0x00000000c1f00000| Untracked 
|  10|0x00000000c2000000, 0x00000000c2000000, 0x00000000c2100000|  0%| F|  |TAMS 0x00000000c2000000| PB 0x00000000c2000000| Untracked 
|  11|0x00000000c2100000, 0x00000000c2100000, 0x00000000c2200000|  0%| F|  |TAMS 0x00000000c2100000| PB 0x00000000c2100000| Untracked 
|  12|0x00000000c2200000, 0x00000000c2200000, 0x00000000c2300000|  0%| F|  |TAMS 0x00000000c2200000| PB 0x00000000c2200000| Untracked 
|  13|0x00000000c2300000, 0x00000000c2300000, 0x00000000c2400000|  0%| F|  |TAMS 0x00000000c2300000| PB 0x00000000c2300000| Untracked 
|  14|0x00000000c2400000, 0x00000000c2400000, 0x00000000c2500000|  0%| F|  |TAMS 0x00000000c2400000| PB 0x00000000c2400000| Untracked 
|  15|0x00000000c2500000, 0x00000000c2500000, 0x00000000c2600000|  0%| F|  |TAMS 0x00000000c2500000| PB 0x00000000c2500000| Untracked 
|  16|0x00000000c2600000, 0x00000000c2600000, 0x00000000c2700000|  0%| F|  |TAMS 0x00000000c2600000| PB 0x00000000c2600000| Untracked 
|  17|0x00000000c2700000, 0x00000000c2700000, 0x00000000c2800000|  0%| F|  |TAMS 0x00000000c2700000| PB 0x00000000c2700000| Untracked 
|  18|0x00000000c2800000, 0x00000000c2800000, 0x00000000c2900000|  0%| F|  |TAMS 0x00000000c2800000| PB 0x00000000c2800000| Untracked 
|  19|0x00000000c2900000, 0x00000000c2900000, 0x00000000c2a00000|  0%| F|  |TAMS 0x00000000c2900000| PB 0x00000000c2900000| Untracked 
|  20|0x00000000c2a00000, 0x00000000c2a00000, 0x00000000c2b00000|  0%| F|  |TAMS 0x00000000c2a00000| PB 0x00000000c2a00000| Untracked 
|  21|0x00000000c2b00000, 0x00000000c2b00000, 0x00000000c2c00000|  0%| F|  |TAMS 0x00000000c2b00000| PB 0x00000000c2b00000| Untracked 
|  22|0x00000000c2c00000, 0x00000000c2c00000, 0x00000000c2d00000|  0%| F|  |TAMS 0x00000000c2c00000| PB 0x00000000c2c00000| Untracked 
|  23|0x00000000c2d00000, 0x00000000c2d00000, 0x00000000c2e00000|  0%| F|  |TAMS 0x00000000c2d00000| PB 0x00000000c2d00000| Untracked 
|  24|0x00000000c2e00000, 0x00000000c2e00000, 0x00000000c2f00000|  0%| F|  |TAMS 0x00000000c2e00000| PB 0x00000000c2e00000| Untracked 
|  25|0x00000000c2f00000, 0x00000000c2f00000, 0x00000000c3000000|  0%| F|  |TAMS 0x00000000c2f00000| PB 0x00000000c2f00000| Untracked 
|  26|0x00000000c3000000, 0x00000000c3000000, 0x00000000c3100000|  0%| F|  |TAMS 0x00000000c3000000| PB 0x00000000c3000000| Untracked 
|  27|0x00000000c3100000, 0x00000000c3100000, 0x00000000c3200000|  0%| F|  |TAMS 0x00000000c3100000| PB 0x00000000c3100000| Untracked 
|  28|0x00000000c3200000, 0x00000000c3200000, 0x00000000c3300000|  0%| F|  |TAMS 0x00000000c3200000| PB 0x00000000c3200000| Untracked 
|  29|0x00000000c3300000, 0x00000000c3300000, 0x00000000c3400000|  0%| F|  |TAMS 0x00000000c3300000| PB 0x00000000c3300000| Untracked 
|  30|0x00000000c3400000, 0x00000000c3400000, 0x00000000c3500000|  0%| F|  |TAMS 0x00000000c3400000| PB 0x00000000c3400000| Untracked 
|  31|0x00000000c3500000, 0x00000000c3500000, 0x00000000c3600000|  0%| F|  |TAMS 0x00000000c3500000| PB 0x00000000c3500000| Untracked 
|  32|0x00000000c3600000, 0x00000000c3600000, 0x00000000c3700000|  0%| F|  |TAMS 0x00000000c3600000| PB 0x00000000c3600000| Untracked 
|  33|0x00000000c3700000, 0x00000000c3700000, 0x00000000c3800000|  0%| F|  |TAMS 0x00000000c3700000| PB 0x00000000c3700000| Untracked 
|  34|0x00000000c3800000, 0x00000000c3800000, 0x00000000c3900000|  0%| F|  |TAMS 0x00000000c3800000| PB 0x00000000c3800000| Untracked 
|  35|0x00000000c3900000, 0x00000000c3900000, 0x00000000c3a00000|  0%| F|  |TAMS 0x00000000c3900000| PB 0x00000000c3900000| Untracked 
|  36|0x00000000c3a00000, 0x00000000c3a00000, 0x00000000c3b00000|  0%| F|  |TAMS 0x00000000c3a00000| PB 0x00000000c3a00000| Untracked 
|  37|0x00000000c3b00000, 0x00000000c3b00000, 0x00000000c3c00000|  0%| F|  |TAMS 0x00000000c3b00000| PB 0x00000000c3b00000| Untracked 
|  38|0x00000000c3c00000, 0x00000000c3c00000, 0x00000000c3d00000|  0%| F|  |TAMS 0x00000000c3c00000| PB 0x00000000c3c00000| Untracked 
|  39|0x00000000c3d00000, 0x00000000c3d00000, 0x00000000c3e00000|  0%| F|  |TAMS 0x00000000c3d00000| PB 0x00000000c3d00000| Untracked 
|  40|0x00000000c3e00000, 0x00000000c3e00000, 0x00000000c3f00000|  0%| F|  |TAMS 0x00000000c3e00000| PB 0x00000000c3e00000| Untracked 
|  41|0x00000000c3f00000, 0x00000000c3f00000, 0x00000000c4000000|  0%| F|  |TAMS 0x00000000c3f00000| PB 0x00000000c3f00000| Untracked 
|  42|0x00000000c4000000, 0x00000000c4000000, 0x00000000c4100000|  0%| F|  |TAMS 0x00000000c4000000| PB 0x00000000c4000000| Untracked 
|  43|0x00000000c4100000, 0x00000000c4100000, 0x00000000c4200000|  0%| F|  |TAMS 0x00000000c4100000| PB 0x00000000c4100000| Untracked 
|  44|0x00000000c4200000, 0x00000000c4200000, 0x00000000c4300000|  0%| F|  |TAMS 0x00000000c4200000| PB 0x00000000c4200000| Untracked 
|  45|0x00000000c4300000, 0x00000000c4300000, 0x00000000c4400000|  0%| F|  |TAMS 0x00000000c4300000| PB 0x00000000c4300000| Untracked 
|  46|0x00000000c4400000, 0x00000000c443e010, 0x00000000c4500000| 24%| S|CS|TAMS 0x00000000c4400000| PB 0x00000000c4400000| Complete 
|  47|0x00000000c4500000, 0x00000000c4600000, 0x00000000c4600000|100%| S|CS|TAMS 0x00000000c4500000| PB 0x00000000c4500000| Complete 
|  48|0x00000000c4600000, 0x00000000c4600000, 0x00000000c4700000|  0%| F|  |TAMS 0x00000000c4600000| PB 0x00000000c4600000| Untracked 
|  49|0x00000000c4700000, 0x00000000c4700000, 0x00000000c4800000|  0%| F|  |TAMS 0x00000000c4700000| PB 0x00000000c4700000| Untracked 
|  50|0x00000000c4800000, 0x00000000c4800000, 0x00000000c4900000|  0%| F|  |TAMS 0x00000000c4800000| PB 0x00000000c4800000| Untracked 
|  51|0x00000000c4900000, 0x00000000c4900000, 0x00000000c4a00000|  0%| F|  |TAMS 0x00000000c4900000| PB 0x00000000c4900000| Untracked 
|  52|0x00000000c4a00000, 0x00000000c4b00000, 0x00000000c4b00000|100%| E|  |TAMS 0x00000000c4a00000| PB 0x00000000c4a00000| Complete 
|  53|0x00000000c4b00000, 0x00000000c4c00000, 0x00000000c4c00000|100%| E|CS|TAMS 0x00000000c4b00000| PB 0x00000000c4b00000| Complete 
|  54|0x00000000c4c00000, 0x00000000c4d00000, 0x00000000c4d00000|100%| E|CS|TAMS 0x00000000c4c00000| PB 0x00000000c4c00000| Complete 
|  55|0x00000000c4d00000, 0x00000000c4e00000, 0x00000000c4e00000|100%| E|CS|TAMS 0x00000000c4d00000| PB 0x00000000c4d00000| Complete 
|  56|0x00000000c4e00000, 0x00000000c4f00000, 0x00000000c4f00000|100%| E|CS|TAMS 0x00000000c4e00000| PB 0x00000000c4e00000| Complete 
|  57|0x00000000c4f00000, 0x00000000c5000000, 0x00000000c5000000|100%| E|CS|TAMS 0x00000000c4f00000| PB 0x00000000c4f00000| Complete 
|  58|0x00000000c5000000, 0x00000000c5100000, 0x00000000c5100000|100%| E|CS|TAMS 0x00000000c5000000| PB 0x00000000c5000000| Complete 
|  59|0x00000000c5100000, 0x00000000c5200000, 0x00000000c5200000|100%| E|CS|TAMS 0x00000000c5100000| PB 0x00000000c5100000| Complete 
|  60|0x00000000c5200000, 0x00000000c5300000, 0x00000000c5300000|100%| E|CS|TAMS 0x00000000c5200000| PB 0x00000000c5200000| Complete 
|  61|0x00000000c5300000, 0x00000000c5400000, 0x00000000c5400000|100%| E|CS|TAMS 0x00000000c5300000| PB 0x00000000c5300000| Complete 
|  62|0x00000000c5400000, 0x00000000c5500000, 0x00000000c5500000|100%| E|CS|TAMS 0x00000000c5400000| PB 0x00000000c5400000| Complete 
|  63|0x00000000c5500000, 0x00000000c5600000, 0x00000000c5600000|100%| E|CS|TAMS 0x00000000c5500000| PB 0x00000000c5500000| Complete 

Card table byte_map: [0x000001fcd97d0000,0x000001fcd99d0000] _byte_map_base: 0x000001fcd91c5000

Marking Bits: (CMBitMap*) 0x000001fcc03ac5a0
 Bits: [0x000001fcd99d0000, 0x000001fcda978000)

Polling page: 0x000001fcc0440000

Metaspace:

Usage:
  Non-class:     11.40 MB used.
      Class:      1.53 MB used.
       Both:     12.94 MB used.

Virtual space:
  Non-class space:       64.00 MB reserved,      11.62 MB ( 18%) committed,  1 nodes.
      Class space:        1.00 GB reserved,       1.75 MB ( <1%) committed,  1 nodes.
             Both:        1.06 GB reserved,      13.38 MB (  1%) committed. 

Chunk freelists:
   Non-Class:  3.67 MB
       Class:  14.28 MB
        Both:  17.95 MB

MaxMetaspaceSize: unlimited
CompressedClassSpaceSize: 1.00 GB
Initial GC threshold: 21.00 MB
Current GC threshold: 21.00 MB
CDS: on
 - commit_granule_bytes: 65536.
 - commit_granule_words: 8192.
 - virtual_space_node_default_size: 8388608.
 - enlarge_chunks_in_place: 1.
 - use_allocation_guard: 0.


Internal statistics:

num_allocs_failed_limit: 0.
num_arena_births: 460.
num_arena_deaths: 0.
num_vsnodes_births: 2.
num_vsnodes_deaths: 0.
num_space_committed: 214.
num_space_uncommitted: 0.
num_chunks_returned_to_freelist: 0.
num_chunks_taken_from_freelist: 891.
num_chunk_merges: 0.
num_chunk_splits: 551.
num_chunks_enlarged: 307.
num_inconsistent_stats: 0.

CodeHeap 'non-profiled nmethods': size=120000Kb used=599Kb max_used=599Kb free=119400Kb
 bounds [0x000001fcd1a70000, 0x000001fcd1ce0000, 0x000001fcd8fa0000]
CodeHeap 'profiled nmethods': size=120000Kb used=3369Kb max_used=3369Kb free=116630Kb
 bounds [0x000001fcc9fa0000, 0x000001fcca2f0000, 0x000001fcd14d0000]
CodeHeap 'non-nmethods': size=5760Kb used=1461Kb max_used=1461Kb free=4298Kb
 bounds [0x000001fcd14d0000, 0x000001fcd1740000, 0x000001fcd1a70000]
 total_blobs=2280 nmethods=1733 adapters=451
 compilation: enabled
              stopped_count=0, restarted_count=0
 full_count=0

Compilation events (20 events):
Event: 6.032 Thread 0x000001fcdcf33070 1700       3       java.lang.invoke.AbstractValidatingLambdaMetafactory::validateMetafactoryArgs (607 bytes)
Event: 6.040 Thread 0x000001fcdcf33070 nmethod 1700 0x000001fcca2d4210 code [0x000001fcca2d4ce0, 0x000001fcca2dc638]
Event: 6.040 Thread 0x000001fcdcf33070 1701   !   3       java.lang.invoke.InnerClassLambdaMetafactory::buildCallSite (150 bytes)
Event: 6.044 Thread 0x000001fcdcf33070 nmethod 1701 0x000001fcca2dee90 code [0x000001fcca2df2a0, 0x000001fcca2e0cd8]
Event: 6.044 Thread 0x000001fcdcf33070 1702       3       java.lang.invoke.MethodHandles$Lookup::getDirectMethodNoSecurityManager (18 bytes)
Event: 6.045 Thread 0x000001fcdcf33070 nmethod 1702 0x000001fcca2e1a10 code [0x000001fcca2e1bc0, 0x000001fcca2e1d10]
Event: 6.052 Thread 0x000001fcdcf33070 1703   !   3       java.lang.invoke.MethodHandles$Lookup$ClassDefiner::defineClass (213 bytes)
Event: 6.053 Thread 0x000001fcdcf33070 nmethod 1703 0x000001fcca2e1e10 code [0x000001fcca2e2080, 0x000001fcca2e2a18]
Event: 6.053 Thread 0x000001fcdcf33070 1704       1       java.util.logging.Logger::getName (5 bytes)
Event: 6.053 Thread 0x000001fcdcf33070 nmethod 1704 0x000001fcd1b02010 code [0x000001fcd1b021a0, 0x000001fcd1b02268]
Event: 6.064 Thread 0x000001fcdcf33070 1705   !   3       java.lang.invoke.LambdaForm::compileToBytecode (164 bytes)
Event: 6.065 Thread 0x000001fcdcf33070 nmethod 1705 0x000001fcca2e2f10 code [0x000001fcca2e3180, 0x000001fcca2e3ad0]
Event: 6.068 Thread 0x000001fcdcf33070 1709       3       java.lang.invoke.MethodHandleImpl$IntrinsicMethodHandle::<init> (25 bytes)
Event: 6.069 Thread 0x000001fcdcf33070 nmethod 1709 0x000001fcca2e3e10 code [0x000001fcca2e4000, 0x000001fcca2e4638]
Event: 6.069 Thread 0x000001fcdcf33070 1710       3       java.lang.invoke.InvokerBytecodeGenerator::assertStaticType (58 bytes)
Event: 6.070 Thread 0x000001fcdcf33070 nmethod 1710 0x000001fcca2e4810 code [0x000001fcca2e4a00, 0x000001fcca2e4ef0]
Event: 6.070 Thread 0x000001fcdcf33070 1711       3       java.lang.invoke.LambdaForm$Name::withConstraint (20 bytes)
Event: 6.070 Thread 0x000001fcdcf33070 nmethod 1711 0x000001fcca2e5110 code [0x000001fcca2e52c0, 0x000001fcca2e54d8]
Event: 6.082 Thread 0x000001fcdcf33070 1714       3       java.lang.Module::isStaticallyExportedOrOpen (70 bytes)
Event: 6.082 Thread 0x000001fcdcf33070 nmethod 1714 0x000001fcca2e5590 code [0x000001fcca2e57a0, 0x000001fcca2e5e70]

GC Heap History (4 events):
Event: 3.160 GC heap before
{Heap before GC invocations=0 (full 0):
 garbage-first heap   total 65536K, used 13312K [0x00000000c1600000, 0x0000000100000000)
  region size 1024K, 13 young (13312K), 0 survivors (0K)
 Metaspace       used 5455K, committed 5696K, reserved 1114112K
  class space    used 537K, committed 640K, reserved 1048576K
}
Event: 3.176 GC heap after
{Heap after GC invocations=1 (full 0):
 garbage-first heap   total 65536K, used 4480K [0x00000000c1600000, 0x0000000100000000)
  region size 1024K, 2 young (2048K), 2 survivors (2048K)
 Metaspace       used 5455K, committed 5696K, reserved 1114112K
  class space    used 537K, committed 640K, reserved 1048576K
}
Event: 3.999 GC heap before
{Heap before GC invocations=1 (full 0):
 garbage-first heap   total 65536K, used 17792K [0x00000000c1600000, 0x0000000100000000)
  region size 1024K, 16 young (16384K), 2 survivors (2048K)
 Metaspace       used 9121K, committed 9408K, reserved 1114112K
  class space    used 950K, committed 1088K, reserved 1048576K
}
Event: 4.006 GC heap after
{Heap after GC invocations=2 (full 0):
 garbage-first heap   total 65536K, used 5521K [0x00000000c1600000, 0x0000000100000000)
  region size 1024K, 2 young (2048K), 2 survivors (2048K)
 Metaspace       used 9121K, committed 9408K, reserved 1114112K
  class space    used 950K, committed 1088K, reserved 1048576K
}

Dll operation events (13 events):
Event: 0.024 Loaded shared library C:\Users\SUREKHA\.jdks\openjdk-21.0.2\bin\java.dll
Event: 0.107 Loaded shared library C:\Users\SUREKHA\.jdks\openjdk-21.0.2\bin\jsvml.dll
Event: 0.322 Loaded shared library C:\Users\SUREKHA\.jdks\openjdk-21.0.2\bin\zip.dll
Event: 0.334 Loaded shared library C:\Users\SUREKHA\.jdks\openjdk-21.0.2\bin\instrument.dll
Event: 0.342 Loaded shared library C:\Users\SUREKHA\.jdks\openjdk-21.0.2\bin\net.dll
Event: 0.347 Loaded shared library C:\Users\SUREKHA\.jdks\openjdk-21.0.2\bin\nio.dll
Event: 0.355 Loaded shared library C:\Users\SUREKHA\.jdks\openjdk-21.0.2\bin\zip.dll
Event: 0.383 Loaded shared library C:\Users\SUREKHA\AppData\Local\JetBrains\IntelliJ IDEA Community Edition 2023.2.5\bin\breakgen64.dll
Event: 0.418 Loaded shared library C:\Users\SUREKHA\.jdks\openjdk-21.0.2\bin\extnet.dll
Event: 1.291 Loaded shared library C:\Users\SUREKHA\.jdks\openjdk-21.0.2\bin\verify.dll
Event: 1.354 Loaded shared library C:\Users\SUREKHA\.jdks\openjdk-21.0.2\bin\jimage.dll
Event: 4.479 Loaded shared library C:\Users\SUREKHA\.jdks\openjdk-21.0.2\bin\management.dll
Event: 4.484 Loaded shared library C:\Users\SUREKHA\.jdks\openjdk-21.0.2\bin\management_ext.dll

Deoptimization events (20 events):
Event: 4.557 Thread 0x000001fcc03750b0 Uncommon trap: trap_request=0xffffff45 fr.pc=0x000001fcd1ab6d30 relative=0x0000000000000090
Event: 4.557 Thread 0x000001fcc03750b0 Uncommon trap: reason=unstable_if action=reinterpret pc=0x000001fcd1ab6d30 method=jdk.internal.misc.Unsafe.convEndian(ZI)I @ 4 c2
Event: 4.557 Thread 0x000001fcc03750b0 DEOPT PACKING pc=0x000001fcd1ab6d30 sp=0x0000006cfddfe170
Event: 4.557 Thread 0x000001fcc03750b0 DEOPT UNPACKING pc=0x000001fcd15246a2 sp=0x0000006cfddfe0a0 mode 2
Event: 4.735 Thread 0x000001fcc03750b0 Uncommon trap: trap_request=0xffffffde fr.pc=0x000001fcd1a9489c relative=0x000000000000033c
Event: 4.735 Thread 0x000001fcc03750b0 Uncommon trap: reason=class_check action=maybe_recompile pc=0x000001fcd1a9489c method=java.util.regex.Pattern$BmpCharPropertyGreedy.match(Ljava/util/regex/Matcher;ILjava/lang/CharSequence;)Z @ 26 c2
Event: 4.735 Thread 0x000001fcc03750b0 DEOPT PACKING pc=0x000001fcd1a9489c sp=0x0000006cfddfd580
Event: 4.735 Thread 0x000001fcc03750b0 DEOPT UNPACKING pc=0x000001fcd15246a2 sp=0x0000006cfddfd538 mode 2
Event: 4.736 Thread 0x000001fcc03750b0 Uncommon trap: trap_request=0xffffffde fr.pc=0x000001fcd1a9489c relative=0x000000000000033c
Event: 4.736 Thread 0x000001fcc03750b0 Uncommon trap: reason=class_check action=maybe_recompile pc=0x000001fcd1a9489c method=java.util.regex.Pattern$BmpCharPropertyGreedy.match(Ljava/util/regex/Matcher;ILjava/lang/CharSequence;)Z @ 26 c2
Event: 4.736 Thread 0x000001fcc03750b0 DEOPT PACKING pc=0x000001fcd1a9489c sp=0x0000006cfddfd360
Event: 4.736 Thread 0x000001fcc03750b0 DEOPT UNPACKING pc=0x000001fcd15246a2 sp=0x0000006cfddfd318 mode 2
Event: 4.854 Thread 0x000001fcc03750b0 Uncommon trap: trap_request=0xffffff45 fr.pc=0x000001fcd1a91df4 relative=0x0000000000000054
Event: 4.854 Thread 0x000001fcc03750b0 Uncommon trap: reason=unstable_if action=reinterpret pc=0x000001fcd1a91df4 method=sun.nio.fs.WindowsPathParser.isSlash(C)Z @ 9 c2
Event: 4.854 Thread 0x000001fcc03750b0 DEOPT PACKING pc=0x000001fcd1a91df4 sp=0x0000006cfddfdc80
Event: 4.854 Thread 0x000001fcc03750b0 DEOPT UNPACKING pc=0x000001fcd15246a2 sp=0x0000006cfddfdc08 mode 2
Event: 5.854 Thread 0x000001fcc03750b0 Uncommon trap: trap_request=0xffffff45 fr.pc=0x000001fcd1af2810 relative=0x0000000000000cf0
Event: 5.854 Thread 0x000001fcc03750b0 Uncommon trap: reason=unstable_if action=reinterpret pc=0x000001fcd1af2810 method=jdk.internal.org.objectweb.asm.Frame.execute(IILjdk/internal/org/objectweb/asm/Symbol;Ljdk/internal/org/objectweb/asm/SymbolTable;)V @ 1 c2
Event: 5.854 Thread 0x000001fcc03750b0 DEOPT PACKING pc=0x000001fcd1af2810 sp=0x0000006cfddfc650
Event: 5.854 Thread 0x000001fcc03750b0 DEOPT UNPACKING pc=0x000001fcd15246a2 sp=0x0000006cfddfc5b8 mode 2

Classes loaded (20 events):
Event: 6.049 Loading class java/util/concurrent/CompletionStage done
Event: 6.049 Loading class java/util/concurrent/CompletableFuture done
Event: 6.050 Loading class java/util/concurrent/CompletableFuture$AltResult
Event: 6.050 Loading class java/util/concurrent/CompletableFuture$AltResult done
Event: 6.050 Loading class java/util/concurrent/CompletableFuture$Completion
Event: 6.051 Loading class java/util/concurrent/CompletableFuture$AsynchronousCompletionTask
Event: 6.051 Loading class java/util/concurrent/CompletableFuture$AsynchronousCompletionTask done
Event: 6.051 Loading class java/util/concurrent/CompletableFuture$Completion done
Event: 6.054 Loading class java/lang/runtime/ObjectMethods
Event: 6.055 Loading class java/lang/runtime/ObjectMethods done
Event: 6.057 Loading class java/lang/invoke/MethodHandleImpl$Makers
Event: 6.057 Loading class java/lang/invoke/MethodHandleImpl$Makers done
Event: 6.057 Loading class java/lang/invoke/MethodHandleImpl$Makers$1
Event: 6.058 Loading class java/lang/invoke/MethodHandleImpl$Makers$1 done
Event: 6.058 Loading class java/lang/invoke/MethodHandleImpl$Makers$2
Event: 6.058 Loading class java/lang/invoke/MethodHandleImpl$Makers$2 done
Event: 6.058 Loading class java/lang/invoke/MethodHandleImpl$Makers$3
Event: 6.058 Loading class java/lang/invoke/MethodHandleImpl$Makers$3 done
Event: 6.081 Loading class java/lang/runtime/ObjectMethods$1
Event: 6.081 Loading class java/lang/runtime/ObjectMethods$1 done

Classes unloaded (0 events):
No events

Classes redefined (0 events):
No events

Internal exceptions (20 events):
Event: 4.583 Thread 0x000001fcc03750b0 Exception <a 'java/lang/IncompatibleClassChangeError'{0x00000000c4f7afa8}: Found class java.lang.Object, but interface was expected> (0x00000000c4f7afa8) 
thrown [s\open\src\hotspot\share\interpreter\linkResolver.cpp, line 840]
Event: 4.583 Thread 0x000001fcc03750b0 Exception <a 'java/lang/IncompatibleClassChangeError'{0x00000000c4f7dbf0}: Found class java.lang.Object, but interface was expected> (0x00000000c4f7dbf0) 
thrown [s\open\src\hotspot\share\interpreter\linkResolver.cpp, line 840]
Event: 4.823 Thread 0x000001fcc03750b0 Exception <a 'java/lang/NoSuchMethodError'{0x00000000c4d764e0}: 'void java.lang.invoke.DirectMethodHandle$Holder.invokeStaticInit(java.lang.Object, java.lang.Object)'> (0x00000000c4d764e0) 
thrown [s\open\src\hotspot\share\interpreter\linkResolver.cpp, line 773]
Event: 4.867 Thread 0x000001fcc03750b0 Exception <a 'java/lang/NoSuchMethodError'{0x00000000c4dc9378}: 'java.lang.Object java.lang.invoke.DirectMethodHandle$Holder.invokeInterface(java.lang.Object, java.lang.Object, java.lang.Object, java.lang.Object)'> (0x00000000c4dc9378) 
thrown [s\open\src\hotspot\share\interpreter\linkResolver.cpp, line 773]
Event: 4.903 Thread 0x000001fcc03750b0 Exception <a 'java/lang/NoSuchMethodError'{0x00000000c4df1d78}: 'void java.lang.invoke.DirectMethodHandle$Holder.invokeStatic(java.lang.Object, long)'> (0x00000000c4df1d78) 
thrown [s\open\src\hotspot\share\interpreter\linkResolver.cpp, line 773]
Event: 4.904 Thread 0x000001fcc03750b0 Exception <a 'java/lang/NoSuchMethodError'{0x00000000c4df6b00}: 'java.lang.Object java.lang.invoke.DirectMethodHandle$Holder.newInvokeSpecial(java.lang.Object, long)'> (0x00000000c4df6b00) 
thrown [s\open\src\hotspot\share\interpreter\linkResolver.cpp, line 773]
Event: 4.907 Thread 0x000001fcc03750b0 Exception <a 'java/lang/NoSuchMethodError'{0x00000000c4dfcec0}: 'java.lang.Object java.lang.invoke.DirectMethodHandle$Holder.invokeStatic(java.lang.Object, long, java.lang.Object)'> (0x00000000c4dfcec0) 
thrown [s\open\src\hotspot\share\interpreter\linkResolver.cpp, line 773]
Event: 4.908 Thread 0x000001fcc03750b0 Exception <a 'java/lang/NoSuchMethodError'{0x00000000c4c00af0}: 'java.lang.Object java.lang.invoke.DirectMethodHandle$Holder.invokeStaticInit(java.lang.Object, long, java.lang.Object)'> (0x00000000c4c00af0) 
thrown [s\open\src\hotspot\share\interpreter\linkResolver.cpp, line 773]
Event: 5.851 Thread 0x000001fcc03750b0 Exception <a 'java/lang/NoSuchMethodError'{0x00000000c4c357c8}: 'java.lang.Object java.lang.invoke.DirectMethodHandle$Holder.invokeSpecialIFC(java.lang.Object, java.lang.Object, java.lang.Object, java.lang.Object)'> (0x00000000c4c357c8) 
thrown [s\open\src\hotspot\share\interpreter\linkResolver.cpp, line 773]
Event: 5.854 Thread 0x000001fcc03750b0 Exception <a 'java/lang/NoSuchMethodError'{0x00000000c4c73450}: 'double java.lang.invoke.DirectMethodHandle$Holder.invokeVirtual(java.lang.Object, java.lang.Object)'> (0x00000000c4c73450) 
thrown [s\open\src\hotspot\share\interpreter\linkResolver.cpp, line 773]
Event: 5.855 Thread 0x000001fcc03750b0 Exception <a 'java/lang/NoSuchMethodError'{0x00000000c4c79420}: 'float java.lang.invoke.DirectMethodHandle$Holder.invokeVirtual(java.lang.Object, java.lang.Object)'> (0x00000000c4c79420) 
thrown [s\open\src\hotspot\share\interpreter\linkResolver.cpp, line 773]
Event: 5.856 Thread 0x000001fcc03750b0 Exception <a 'java/lang/NoSuchMethodError'{0x00000000c4c815e8}: 'long java.lang.invoke.DirectMethodHandle$Holder.invokeVirtual(java.lang.Object, java.lang.Object)'> (0x00000000c4c815e8) 
thrown [s\open\src\hotspot\share\interpreter\linkResolver.cpp, line 773]
Event: 6.022 Thread 0x000001fcc03750b0 Exception <a 'java/lang/NoSuchMethodError'{0x00000000c4a0bff0}: 'java.lang.Object java.lang.invoke.DirectMethodHandle$Holder.invokeStatic(java.lang.Object, java.lang.Object, int)'> (0x00000000c4a0bff0) 
thrown [s\open\src\hotspot\share\interpreter\linkResolver.cpp, line 773]
Event: 6.023 Thread 0x000001fcc03750b0 Exception <a 'java/lang/NoSuchMethodError'{0x00000000c4a0f640}: 'java.lang.Object java.lang.invoke.DirectMethodHandle$Holder.invokeStaticInit(java.lang.Object, java.lang.Object, int)'> (0x00000000c4a0f640) 
thrown [s\open\src\hotspot\share\interpreter\linkResolver.cpp, line 773]
Event: 6.024 Thread 0x000001fcc03750b0 Exception <a 'java/lang/NoSuchMethodError'{0x00000000c4a14eb8}: 'java.lang.Object java.lang.invoke.DirectMethodHandle$Holder.newInvokeSpecial(java.lang.Object, java.lang.Object, int)'> (0x00000000c4a14eb8) 
thrown [s\open\src\hotspot\share\interpreter\linkResolver.cpp, line 773]
Event: 6.034 Thread 0x000001fcc03750b0 Exception <a 'java/lang/NoSuchMethodError'{0x00000000c4a27938}: 'int java.lang.invoke.DirectMethodHandle$Holder.invokeSpecialIFC(java.lang.Object, java.lang.Object, java.lang.Object)'> (0x00000000c4a27938) 
thrown [s\open\src\hotspot\share\interpreter\linkResolver.cpp, line 773]
Event: 6.055 Thread 0x000001fcc03750b0 Exception <a 'java/lang/NoSuchMethodError'{0x00000000c4a4b2c0}: 'java.lang.Object java.lang.invoke.DirectMethodHandle$Holder.invokeStaticInit(java.lang.Object, java.lang.Object, java.lang.Object, java.lang.Object, java.lang.Object, java.lang.Object, java.lang.Object)'> (0x00000000c4a4b2c0) 
thrown [s\open\src\hotspot\share\interpreter\linkResolver.cpp, line 773]
Event: 6.056 Thread 0x000001fcc03750b0 Exception <a 'java/lang/NoSuchMethodError'{0x00000000c4a4faf8}: 'java.lang.Object java.lang.invoke.Invokers$Holder.invoke_MT(java.lang.Object, java.lang.Object, java.lang.Object, java.lang.Object, java.lang.Object, java.lang.Object, java.lang.Object, java.lang.Object, java.lang.Object, java.lang.Object)'> (0x00000000c4a4faf8) 
thrown [s\open\src\hotspot\share\interpreter\linkResolver.cpp, line 773]
Event: 6.068 Thread 0x000001fcc03750b0 Exception <a 'java/lang/NoSuchMethodError'{0x00000000c4a63530}: 'void java.lang.invoke.DelegatingMethodHandle$Holder.delegate(java.lang.Object, java.lang.Object, int, java.lang.Object)'> (0x00000000c4a63530) 
thrown [s\open\src\hotspot\share\interpreter\linkResolver.cpp, line 773]
Event: 6.083 Thread 0x000001fcc03750b0 Exception <a 'java/lang/NoSuchMethodError'{0x00000000c4a81c40}: 'int java.lang.invoke.DirectMethodHandle$Holder.invokeStaticInit(java.lang.Object, int, int)'> (0x00000000c4a81c40) 
thrown [s\open\src\hotspot\share\interpreter\linkResolver.cpp, line 773]

ZGC Phase Switch (0 events):
No events

VM Operations (20 events):
Event: 2.205 Executing VM operation: HandshakeAllThreads (Deoptimize)
Event: 2.205 Executing VM operation: HandshakeAllThreads (Deoptimize) done
Event: 2.270 Executing VM operation: HandshakeAllThreads (Deoptimize)
Event: 2.270 Executing VM operation: HandshakeAllThreads (Deoptimize) done
Event: 3.159 Executing VM operation: G1CollectForAllocation (G1 Evacuation Pause)
Event: 3.177 Executing VM operation: G1CollectForAllocation (G1 Evacuation Pause) done
Event: 3.822 Executing VM operation: HandshakeAllThreads (Deoptimize)
Event: 3.823 Executing VM operation: HandshakeAllThreads (Deoptimize) done
Event: 3.823 Executing VM operation: HandshakeAllThreads (Deoptimize)
Event: 3.823 Executing VM operation: HandshakeAllThreads (Deoptimize) done
Event: 3.834 Executing VM operation: HandshakeAllThreads (Deoptimize)
Event: 3.834 Executing VM operation: HandshakeAllThreads (Deoptimize) done
Event: 3.999 Executing VM operation: G1CollectForAllocation (G1 Evacuation Pause)
Event: 4.007 Executing VM operation: G1CollectForAllocation (G1 Evacuation Pause) done
Event: 4.242 Executing VM operation: HandshakeAllThreads (Deoptimize)
Event: 4.242 Executing VM operation: HandshakeAllThreads (Deoptimize) done
Event: 5.247 Executing VM operation: Cleanup
Event: 5.247 Executing VM operation: Cleanup done
Event: 6.063 Executing VM operation: HandshakeAllThreads (Deoptimize)
Event: 6.063 Executing VM operation: HandshakeAllThreads (Deoptimize) done

Events (15 events):
Event: 0.059 Thread 0x000001fcc03750b0 Thread added: 0x000001fcc03750b0
Event: 0.103 Thread 0x000001fcdcf20fc0 Thread added: 0x000001fcdcf20fc0
Event: 0.104 Thread 0x000001fcdcf21ca0 Thread added: 0x000001fcdcf21ca0
Event: 0.104 Thread 0x000001fcdcf24d80 Thread added: 0x000001fcdcf24d80
Event: 0.104 Thread 0x000001fcdcf27680 Thread added: 0x000001fcdcf27680
Event: 0.104 Thread 0x000001fcdcf27ea0 Thread added: 0x000001fcdcf27ea0
Event: 0.105 Thread 0x000001fcdcf316a0 Thread added: 0x000001fcdcf316a0
Event: 0.105 Thread 0x000001fcdcf31ec0 Thread added: 0x000001fcdcf31ec0
Event: 0.105 Thread 0x000001fcdcf33070 Thread added: 0x000001fcdcf33070
Event: 0.252 Thread 0x000001fd22150140 Thread added: 0x000001fd22150140
Event: 0.385 Thread 0x000001fd222476a0 Thread added: 0x000001fd222476a0
Event: 0.386 Thread 0x000001fd22247d10 Thread added: 0x000001fd22247d10
Event: 4.930 Thread 0x000001fd232167c0 Thread added: 0x000001fd232167c0
Event: 5.839 Thread 0x000001fd232167c0 Thread exited: 0x000001fd232167c0
Event: 5.955 Thread 0x000001fd22b55560 Thread added: 0x000001fd22b55560


Dynamic libraries:
0x00007ff663c50000 - 0x00007ff663c5e000 	C:\Users\SUREKHA\.jdks\openjdk-21.0.2\bin\java.exe
0x00007fff991d0000 - 0x00007fff993c8000 	C:\Windows\SYSTEM32\ntdll.dll
0x00007fff97e20000 - 0x00007fff97edd000 	C:\Windows\System32\KERNEL32.DLL
0x00007fff96bd0000 - 0x00007fff96ec6000 	C:\Windows\System32\KERNELBASE.dll
0x00007fff96ff0000 - 0x00007fff970f0000 	C:\Windows\System32\ucrtbase.dll
0x00007fff93cb0000 - 0x00007fff93ccb000 	C:\Users\SUREKHA\.jdks\openjdk-21.0.2\bin\VCRUNTIME140.dll
0x00007fff90fc0000 - 0x00007fff90fd8000 	C:\Users\SUREKHA\.jdks\openjdk-21.0.2\bin\jli.dll
0x00007fff97660000 - 0x00007fff977fe000 	C:\Windows\System32\USER32.dll
0x00007fff96880000 - 0x00007fff968a2000 	C:\Windows\System32\win32u.dll
0x00007fff97630000 - 0x00007fff9765b000 	C:\Windows\System32\GDI32.dll
0x00007fff96ed0000 - 0x00007fff96fe7000 	C:\Windows\System32\gdi32full.dll
0x00007fff97160000 - 0x00007fff971fd000 	C:\Windows\System32\msvcp_win.dll
0x00007fff720f0000 - 0x00007fff7238a000 	C:\Windows\WinSxS\amd64_microsoft.windows.common-controls_6595b64144ccf1df_6.0.19041.3636_none_60b6a03d71f818d5\COMCTL32.dll
0x00007fff980c0000 - 0x00007fff9815e000 	C:\Windows\System32\msvcrt.dll
0x00007fff975e0000 - 0x00007fff97612000 	C:\Windows\System32\IMM32.DLL
0x00007fff93c90000 - 0x00007fff93c9c000 	C:\Users\SUREKHA\.jdks\openjdk-21.0.2\bin\vcruntime140_1.dll
0x00007fff75cd0000 - 0x00007fff75d5e000 	C:\Users\SUREKHA\.jdks\openjdk-21.0.2\bin\msvcp140.dll
0x00007fff568d0000 - 0x00007fff575e7000 	C:\Users\SUREKHA\.jdks\openjdk-21.0.2\bin\server\jvm.dll
0x00007fff98000000 - 0x00007fff980b0000 	C:\Windows\System32\ADVAPI32.dll
0x00007fff98cc0000 - 0x00007fff98d60000 	C:\Windows\System32\sechost.dll
0x00007fff98fd0000 - 0x00007fff990f5000 	C:\Windows\System32\RPCRT4.dll
0x00007fff96b10000 - 0x00007fff96b37000 	C:\Windows\System32\bcrypt.dll
0x00007fff98c30000 - 0x00007fff98c9b000 	C:\Windows\System32\WS2_32.dll
0x00007fff966e0000 - 0x00007fff9672b000 	C:\Windows\SYSTEM32\POWRPROF.dll
0x00007fff79360000 - 0x00007fff79387000 	C:\Windows\SYSTEM32\WINMM.dll
0x00007fff8ff10000 - 0x00007fff8ff1a000 	C:\Windows\SYSTEM32\VERSION.dll
0x00007fff966c0000 - 0x00007fff966d2000 	C:\Windows\SYSTEM32\UMPDC.dll
0x00007fff950b0000 - 0x00007fff950c2000 	C:\Windows\SYSTEM32\kernel.appcore.dll
0x00007fff90ff0000 - 0x00007fff90ffa000 	C:\Users\SUREKHA\.jdks\openjdk-21.0.2\bin\jimage.dll
0x00007fff945f0000 - 0x00007fff947d4000 	C:\Windows\SYSTEM32\DBGHELP.DLL
0x00007fff82850000 - 0x00007fff82884000 	C:\Windows\SYSTEM32\dbgcore.DLL
0x00007fff96b40000 - 0x00007fff96bc2000 	C:\Windows\System32\bcryptPrimitives.dll
0x00007fff91000000 - 0x00007fff9100f000 	C:\Users\SUREKHA\.jdks\openjdk-21.0.2\bin\instrument.dll
0x00007fff90e50000 - 0x00007fff90e6f000 	C:\Users\SUREKHA\.jdks\openjdk-21.0.2\bin\java.dll
0x00007fff98160000 - 0x00007fff988cb000 	C:\Windows\System32\SHELL32.dll
0x00007fff948d0000 - 0x00007fff9506e000 	C:\Windows\SYSTEM32\windows.storage.dll
0x00007fff988d0000 - 0x00007fff98c23000 	C:\Windows\System32\combase.dll
0x00007fff961e0000 - 0x00007fff9620e000 	C:\Windows\SYSTEM32\Wldp.dll
0x00007fff98dc0000 - 0x00007fff98e8d000 	C:\Windows\System32\OLEAUT32.dll
0x00007fff97470000 - 0x00007fff9751d000 	C:\Windows\System32\SHCORE.dll
0x00007fff98d60000 - 0x00007fff98db5000 	C:\Windows\System32\shlwapi.dll
0x00007fff967b0000 - 0x00007fff967d5000 	C:\Windows\SYSTEM32\profapi.dll
0x00007fff75a40000 - 0x00007fff75b17000 	C:\Users\SUREKHA\.jdks\openjdk-21.0.2\bin\jsvml.dll
0x00007fff90900000 - 0x00007fff90918000 	C:\Users\SUREKHA\.jdks\openjdk-21.0.2\bin\zip.dll
0x00007fff90e30000 - 0x00007fff90e40000 	C:\Users\SUREKHA\.jdks\openjdk-21.0.2\bin\net.dll
0x00007fff8f780000 - 0x00007fff8f88a000 	C:\Windows\SYSTEM32\WINHTTP.dll
0x00007fff95f40000 - 0x00007fff95faa000 	C:\Windows\system32\mswsock.dll
0x00007fff90e10000 - 0x00007fff90e26000 	C:\Users\SUREKHA\.jdks\openjdk-21.0.2\bin\nio.dll
0x00007fff8e2a0000 - 0x00007fff8e2ba000 	C:\Users\SUREKHA\AppData\Local\JetBrains\IntelliJ IDEA Community Edition 2023.2.5\bin\breakgen64.dll
0x00007fff8f010000 - 0x00007fff8f019000 	C:\Users\SUREKHA\.jdks\openjdk-21.0.2\bin\extnet.dll
0x00007fff8eea0000 - 0x00007fff8eeb0000 	C:\Users\SUREKHA\.jdks\openjdk-21.0.2\bin\verify.dll
0x00007fff96140000 - 0x00007fff96158000 	C:\Windows\SYSTEM32\CRYPTSP.dll
0x00007fff95830000 - 0x00007fff95864000 	C:\Windows\system32\rsaenh.dll
0x00007fff96730000 - 0x00007fff9675e000 	C:\Windows\SYSTEM32\USERENV.dll
0x00007fff96130000 - 0x00007fff9613c000 	C:\Windows\SYSTEM32\CRYPTBASE.dll
0x00007fff95c10000 - 0x00007fff95c4b000 	C:\Windows\SYSTEM32\IPHLPAPI.DLL
0x00007fff97620000 - 0x00007fff97628000 	C:\Windows\System32\NSI.dll
0x00007fff70a40000 - 0x00007fff70a57000 	C:\Windows\system32\napinsp.dll
0x00007fff70a20000 - 0x00007fff70a3b000 	C:\Windows\system32\pnrpnsp.dll
0x00007fff915d0000 - 0x00007fff915e5000 	C:\Windows\system32\wshbth.dll
0x00007fff901e0000 - 0x00007fff901fd000 	C:\Windows\system32\NLAapi.dll
0x00007fff95c70000 - 0x00007fff95d3b000 	C:\Windows\SYSTEM32\DNSAPI.dll
0x00007fff70a00000 - 0x00007fff70a12000 	C:\Windows\System32\winrnr.dll
0x00007fff7ca20000 - 0x00007fff7ca2a000 	C:\Windows\System32\rasadhlp.dll
0x00007fff7cb50000 - 0x00007fff7cbd0000 	C:\Windows\System32\fwpuclnt.dll
0x00007fff8f9c0000 - 0x00007fff8f9ca000 	C:\Users\SUREKHA\.jdks\openjdk-21.0.2\bin\management.dll
0x00007fff8ef00000 - 0x00007fff8ef0b000 	C:\Users\SUREKHA\.jdks\openjdk-21.0.2\bin\management_ext.dll
0x00007fff98e90000 - 0x00007fff98e98000 	C:\Windows\System32\PSAPI.DLL

dbghelp: loaded successfully - version: 4.0.5 - missing functions: none
symbol engine: initialized successfully - sym options: 0x614 - pdb path: .;C:\Users\SUREKHA\.jdks\openjdk-21.0.2\bin;C:\Windows\SYSTEM32;C:\Windows\WinSxS\amd64_microsoft.windows.common-controls_6595b64144ccf1df_6.0.19041.3636_none_60b6a03d71f818d5;C:\Users\SUREKHA\.jdks\openjdk-21.0.2\bin\server;C:\Users\SUREKHA\AppData\Local\JetBrains\IntelliJ IDEA Community Edition 2023.2.5\bin

VM Arguments:
jvm_args: -ea -Didea.test.cyclic.buffer.size=1048576 -javaagent:C:\Users\SUREKHA\AppData\Local\JetBrains\IntelliJ IDEA Community Edition 2023.2.5\lib\idea_rt.jar=53594:C:\Users\SUREKHA\AppData\Local\JetBrains\IntelliJ IDEA Community Edition 2023.2.5\bin -Dfile.encoding=UTF-8 -Dsun.stdout.encoding=UTF-8 -Dsun.stderr.encoding=UTF-8 
java_command: com.intellij.rt.testng.RemoteTestNGStarter -usedefaultlisteners false -socket53592 @w@C:\Users\SUREKHA\AppData\Local\Temp\idea_working_dirs_testng.tmp -temp C:\Users\SUREKHA\AppData\Local\Temp\idea_testng.tmp
java_class_path (initial): C:\Users\SUREKHA\AppData\Local\JetBrains\IntelliJ IDEA Community Edition 2023.2.5\lib\idea_rt.jar;C:\Users\SUREKHA\AppData\Local\JetBrains\IntelliJ IDEA Community Edition 2023.2.5\plugins\testng\lib\testng-rt.jar;D:\Surekha\ATB5X\ATB5XLearningSelenium\target\test-classes;D:\Surekha\ATB5X\ATB5XLearningSelenium\target\classes;C:\Users\SUREKHA\.m2\repository\org\testng\testng\7.9.0\testng-7.9.0.jar;C:\Users\SUREKHA\.m2\repository\org\slf4j\slf4j-api\1.7.36\slf4j-api-1.7.36.jar;C:\Users\SUREKHA\.m2\repository\com\beust\jcommander\1.82\jcommander-1.82.jar;C:\Users\SUREKHA\.m2\repository\org\webjars\jquery\3.7.1\jquery-3.7.1.jar;C:\Users\SUREKHA\.m2\repository\org\seleniumhq\selenium\selenium-java\4.18.1\selenium-java-4.18.1.jar;C:\Users\SUREKHA\.m2\repository\org\seleniumhq\selenium\selenium-api\4.18.1\selenium-api-4.18.1.jar;C:\Users\SUREKHA\.m2\repository\org\seleniumhq\selenium\selenium-chrome-driver\4.18.1\selenium-chrome-driver-4.18.1.jar;C:\Users\SUREKHA\.m2\repository\com\google\auto\service\auto-service-annotations\1.1.1\auto-service-annotations-1.1.1.jar;C:\Users\SUREKHA\.m2\repository\org\seleniumhq\selenium\selenium-chromium-driver\4.18.1\selenium-chromium-driver-4.18.1.jar;C:\Users\SUREKHA\.m2\repository\org\seleniumhq\selenium\selenium-json\4.18.1\selenium-json-4.18.1.jar;C:\Users\SUREKHA\.m2\repository\org\seleniumhq\selenium\selenium-manager\4.18.1\selenium-manager-4.18.1.jar;C:\Users\SUREKHA\.m2\repository\org\seleniumhq\selenium\selenium-devtools-v120\4.18.1\selenium-devtools-v120-4.18.1.jar;C:\Users\SUREKHA\.m2\repository\org\seleniumhq\selenium\selenium-devtools-v121\4.18.1\selenium-devtools-v121-4.18.1.jar;C:\Users\SUREKHA\.m2\repository\org\seleniumhq\selenium\selenium-devtools-v122\4.18.1\selenium-devtools-v122-4.18.1.jar;C:\Users\SUREKHA\.m2\repository\org\seleniumhq\selenium\selenium-devtools-v85\4.18.1\selenium-devtools-v85-4.18.1.jar;C:\Users\SUREKHA\.m2\repository\org\seleniumhq\selenium\selenium-edge-driver\4.18.1\selenium-edge-driver-4.18.1.jar;C:\Users\SUREKHA\.m2\repository\org\seleniumhq\selenium\selenium-firefox-driver\4.18.1\selenium-firefox-driver-4.18.1.jar;C:\Users\SUREKHA\.m2\repository\org\seleniumhq\selenium\selenium-http\4.18.1\selenium-http-4.18.1.jar;C:\Users\SUREKHA\.m2\repository\dev\failsafe\failsafe\3.3.2\failsafe-3.3.2.jar;C:\Users\SUREKHA\.m2\repository\org\seleniumhq\selenium\selenium-ie-driver\4.18.1\selenium-ie-driver-4.18.1.jar;C:\Users\SUREKHA\.m2\repository\org\seleniumhq\selenium\selenium-remote-driver\4.18.1\selenium-remote-driver-4.18.1.jar;C:\Users\SUREKHA\.m2\repository\com\google\guava\guava\33.0.0-jre\guava-33.0.0-jre.jar;C:\Users\SUREKHA\.m2\repository\com\google\guava\failureaccess\1.0.2\failureaccess-1.0.2.jar;C:\Users\SUREKHA\.m2\repository\com\google\guava\listenablefuture\9999.0-empty-to-avoid-conflict-with-guava\listenablefuture-9999.0-empty-to-avoid-conflict-with-guava.jar;C:\Users\SUREKHA\.m2\repository\com\google\code\findbugs\jsr305\3.0.2\jsr305-3.0.2.jar;C:\Users\SUREKHA\.m2\repository\org\checkerframework\checker-qual\3.41.0\checker-qual-3.41.0.jar;C:\Users\SUREKHA\.m2\repository\com\google\errorprone\error_prone_annotations\2.23.0\error_prone_annotations-2.23.0.jar;C:\Users\SUREKHA\.m2\repository\com\google\j2objc\j2objc-annotations\2.8\j2objc-annotations-2.8.jar;C:\Users\SUREKHA\.m2\repository\io\opentelemetry\semconv\opentelemetry-semconv\1.23.1-alpha\opentelemetry-semconv-1.23.1-alpha.jar;C:\Users\SUREKHA\.m2\repository\io\opentelemetry\opentelemetry-api\1.35.0\opentelemetry-api-1.35.0.jar;C:\Users\SUREKHA\.m2\repository\io\opentelemetry\opentelemetry-context\1.35.0\opentelemetry-context-1.35.0.jar;C:\Users\SUREKHA\.m2\repository\io\opentelemetry\opentelemetry-exporter-logging\1.35.0\opentelemetry-exporter-logging-1.35.0.jar;C:\Users\SUREKHA\.m2\repository\io\opentelemetry\opentelemetry-sdk-common\1.35.0\opentelemetry-sdk-common-1.35.0.jar;C:\Users\SUREKHA\.m2\repository\io\opentelemetry\opentelemetry-sdk-extension-autoconfigure-spi\1.35.0\opentelemetry-sdk-extension-autoconfigure-spi-1.35.0.jar;C:\Users\SUREKHA\.m2\repository\io\opentelemetry\opentelemetry-sdk-extension-autoconfigure\1.35.0\opentelemetry-sdk-extension-autoconfigure-1.35.0.jar;C:\Users\SUREKHA\.m2\repository\io\opentelemetry\opentelemetry-api-events\1.35.0-alpha\opentelemetry-api-events-1.35.0-alpha.jar;C:\Users\SUREKHA\.m2\repository\io\opentelemetry\opentelemetry-sdk-trace\1.35.0\opentelemetry-sdk-trace-1.35.0.jar;C:\Users\SUREKHA\.m2\repository\io\opentelemetry\opentelemetry-extension-incubator\1.35.0-alpha\opentelemetry-extension-incubator-1.35.0-alpha.jar;C:\Users\SUREKHA\.m2\repository\io\opentelemetry\opentelemetry-sdk\1.35.0\opentelemetry-sdk-1.35.0.jar;C:\Users\SUREKHA\.m2\repository\io\opentelemetry\opentelemetry-sdk-metrics\1.35.0\opentelemetry-sdk-metrics-1.35.0.jar;C:\Users\SUREKHA\.m2\repository\io\opentelemetry\opentelemetry-sdk-logs\1.35.0\opentelemetry-sdk-logs-1.35.0.jar;C:\Users\SUREKHA\.m2\repository\net\bytebuddy\byte-buddy\1.14.12\byte-buddy-1.14.12.jar;C:\Users\SUREKHA\.m2\repository\org\seleniumhq\selenium\selenium-os\4.18.1\selenium-os-4.18.1.jar;C:\Users\SUREKHA\.m2\repository\org\apache\commons\commons-exec\1.3\commons-exec-1.3.jar;C:\Users\SUREKHA\.m2\repository\org\seleniumhq\selenium\selenium-safari-driver\4.18.1\selenium-safari-driver-4.18.1.jar;C:\Users\SUREKHA\.m2\repository\org\seleniumhq\selenium\selenium-support\4.18.1\selenium-support-4.18.1.jar;C:\Users\SUREKHA\.m2\repository\io\qameta\allure\allure-testng\2.25.0\allure-testng-2.25.0.jar;C:\Users\SUREKHA\.m2\repository\io\qameta\allure\allure-java-commons\2.25.0\allure-java-commons-2.25.0.jar;C:\Users\SUREKHA\.m2\repository\io\qameta\allure\allure-model\2.25.0\allure-model-2.25.0.jar;C:\Users\SUREKHA\.m2\repository\io\qameta\allure\allure-test-filter\2.25.0\allure-test-filter-2.25.0.jar
Launcher Type: SUN_STANDARD

[Global flags]
     intx CICompilerCount                          = 3                                         {product} {ergonomic}
     uint ConcGCThreads                            = 1                                         {product} {ergonomic}
     uint G1ConcRefinementThreads                  = 4                                         {product} {ergonomic}
   size_t G1HeapRegionSize                         = 1048576                                   {product} {ergonomic}
    uintx GCDrainStackTargetSize                   = 64                                        {product} {ergonomic}
   size_t InitialHeapSize                          = 67108864                                  {product} {ergonomic}
   size_t MarkStackSize                            = 4194304                                   {product} {ergonomic}
   size_t MaxHeapSize                              = 1050673152                                {product} {ergonomic}
   size_t MaxNewSize                               = 630194176                                 {product} {ergonomic}
   size_t MinHeapDeltaBytes                        = 1048576                                   {product} {ergonomic}
   size_t MinHeapSize                              = 8388608                                   {product} {ergonomic}
    uintx NonNMethodCodeHeapSize                   = 5832780                                {pd product} {ergonomic}
    uintx NonProfiledCodeHeapSize                  = 122912730                              {pd product} {ergonomic}
    uintx ProfiledCodeHeapSize                     = 122912730                              {pd product} {ergonomic}
    uintx ReservedCodeCacheSize                    = 251658240                              {pd product} {ergonomic}
     bool SegmentedCodeCache                       = true                                      {product} {ergonomic}
   size_t SoftMaxHeapSize                          = 1050673152                             {manageable} {ergonomic}
     bool UseCompressedOops                        = true                           {product lp64_product} {ergonomic}
     bool UseG1GC                                  = true                                      {product} {ergonomic}
     bool UseLargePagesIndividualAllocation        = false                                  {pd product} {ergonomic}

Logging:
Log output configuration:
 #0: stdout all=warning uptime,level,tags foldmultilines=false
 #1: stderr all=off uptime,level,tags foldmultilines=false

Environment Variables:
PATH=C:\Program Files\Common Files\Oracle\Java\javapath;C:\Windows\system32;C:\Windows;C:\Windows\System32\Wbem;C:\Windows\System32\WindowsPowerShell\v1.0\;C:\Windows\System32\OpenSSH\;C:\Program Files (x86)\Microsoft SQL Server\160\DTS\Binn\;C:\Program Files\Azure Data Studio\bin;C:\Program Files (x86)\Microsoft SQL Server\160\Tools\Binn\;C:\Program Files\Microsoft SQL Server\160\Tools\Binn\;C:\Program Files\Microsoft SQL Server\Client SDK\ODBC\170\Tools\Binn\;C:\Program Files\Microsoft SQL Server\160\DTS\Binn\;C:\Program Files\Java\jdk-11\bin;C:\Program Files\nodejs\;C:\Program Files\Git\cmd;C:\Users\SUREKHA\Documents\mvn\apache-maven-3.9.6-bin\apache-maven-3.9.6\bin;D:\Surekha\allure download\allure-commandline-2.25.0\allure-2.25.0\bin;C:\webdrivers;;C:\Program Files\Docker\Docker\resources\bin;C:\Users\SUREKHA\scoop\shims;C:\Program Files\MySQL\MySQL Shell 8.0\bin\;C:\Users\SUREKHA\AppData\Local\Microsoft\WindowsApps;C:\Users\SUREKHA\AppData\Local\Programs\Microsoft VS Code\bin;C:\Program Files\Git\bin\;C:\Program Files\Git\bin\;C:\Program Files\Sublime Text;C:\Program Files\Azure Data Studio\bin;C:\Users\SUREKHA\AppData\Roaming\npm;D:\Surekha\alluredownload\allure-commandline-2.25.0\allure-2.25.0\bin;
USERNAME=SUREKHA
OS=Windows_NT
PROCESSOR_IDENTIFIER=Intel64 Family 6 Model 142 Stepping 9, GenuineIntel
TMP=C:\Users\SUREKHA\AppData\Local\Temp
TEMP=C:\Users\SUREKHA\AppData\Local\Temp




Periodic native trim disabled

---------------  S Y S T E M  ---------------

OS:
 Windows 10 , 64 bit Build 19041 (10.0.19041.3636)
OS uptime: 3 days 10:31 hours
Hyper-V role detected

CPU: total 4 (initial active 4) (2 cores per cpu, 2 threads per core) family 6 model 142 stepping 9 microcode 0xde, cx8, cmov, fxsr, ht, mmx, 3dnowpref, sse, sse2, sse3, ssse3, sse4.1, sse4.2, popcnt, lzcnt, tsc, tscinvbit, avx, avx2, aes, erms, clmul, bmi1, bmi2, adx, fma, vzeroupper, clflush, clflushopt, hv, rdtscp, f16c
Processor Information for all 4 processors :
  Max Mhz: 2701, Current Mhz: 2701, Mhz Limit: 2701

Memory: 4k page, system-wide physical 4007M (47M free)
TotalPageFile size 16295M (AvailPageFile size 3M)
current process WorkingSet (physical memory assigned to process): 91M, peak: 91M
current process commit charge ("private bytes"): 165M, peak: 166M

vm_info: OpenJDK 64-Bit Server VM (21.0.2+13-58) for windows-amd64 JRE (21.0.2+13-58), built on 2024-01-05T18:32:24Z by "mach5one" with MS VC++ 17.1 (VS2022)

END.
